Arguments: 
  /usr/bin/node /usr/bin/yarn add @babel/core @babel/cli @babel/react

PATH: 
  /home/xyuuzzz/.local/bin:/usr/local/sbin:/usr/local/bin:/usr/bin:/usr/bin/site_perl:/usr/bin/vendor_perl:/usr/bin/core_perl:/var/lib/snapd/snap/bin

Yarn version: 
  1.22.11

Node version: 
  16.7.0

Platform: 
  linux x64

Trace: 
  Error: https://registry.yarnpkg.com/@babel%2freact: Not found
      at Request.params.callback [as _callback] (/usr/lib/node_modules/yarn/lib/cli.js:66992:18)
      at Request.self.callback (/usr/lib/node_modules/yarn/lib/cli.js:140763:22)
      at Request.emit (node:events:394:28)
      at Request.<anonymous> (/usr/lib/node_modules/yarn/lib/cli.js:141735:10)
      at Request.emit (node:events:394:28)
      at IncomingMessage.<anonymous> (/usr/lib/node_modules/yarn/lib/cli.js:141657:12)
      at Object.onceWrapper (node:events:513:28)
      at IncomingMessage.emit (node:events:406:35)
      at endReadableNT (node:internal/streams/readable:1348:12)
      at processTicksAndRejections (node:internal/process/task_queues:83:21)

npm manifest: 
  {
      "name": "ch2",
      "version": "1.0.0",
      "main": "index.js",
      "license": "MIT"
  }

yarn manifest: 
  No manifest

Lockfile: 
  No lockfile
